Arguments: 
  /Users/antooni/.nvm/versions/node/v16.19.0/bin/node /opt/homebrew/bin/yarn add nodemailer

PATH: 
  /Users/antooni/.docker/bin:/Users/antooni/.nvm/versions/node/v16.19.0/bin:/opt/homebrew/bin:/opt/homebrew/sbin:/usr/local/bin:/System/Cryptexes/App/usr/bin:/usr/bin:/bin:/usr/sbin:/sbin:/home/antonipawlak/.protostar/dist/protostar:/home/antonipawlak/.foundry/bin

Yarn version: 
  1.22.19

Node version: 
  16.19.0

Platform: 
  darwin arm64

Trace: 
  Error: EACCES: permission denied, rmdir '/Users/antooni/repos/playwright-demo/node_modules/playwright/node_modules/.bin'

npm manifest: 
  {
    "name": "playwright-demo",
    "version": "1.0.0",
    "main": "index.js",
    "license": "MIT",
    "dependencies": {
      "playwright": "^1.29.2"
    }
  }

yarn manifest: 
  No manifest

Lockfile: 
  # THIS IS AN AUTOGENERATED FILE. DO NOT EDIT THIS FILE DIRECTLY.
  # yarn lockfile v1
  
  
  https@^1.0.0:
    version "1.0.0"
    resolved "https://registry.yarnpkg.com/https/-/https-1.0.0.tgz#3c37c7ae1a8eeb966904a2ad1e975a194b7ed3a4"
    integrity sha512-4EC57ddXrkaF0x83Oj8sM6SLQHAWXw90Skqu2M4AEWENZ3F02dFJE/GARA8igO79tcgYqGrD7ae4f5L3um2lgg==
  
  playwright-core@1.29.2:
    version "1.29.2"
    resolved "https://registry.yarnpkg.com/playwright-core/-/playwright-core-1.29.2.tgz#2e8347e7e8522409f22b244e600e703b64022406"
    integrity sha512-94QXm4PMgFoHAhlCuoWyaBYKb92yOcGVHdQLoxQ7Wjlc7Flg4aC/jbFW7xMR52OfXMVkWicue4WXE7QEegbIRA==
  
  playwright@^1.29.2:
    version "1.29.2"
    resolved "https://registry.yarnpkg.com/playwright/-/playwright-1.29.2.tgz#d6a0a3e8e44f023f7956ed19ffa8af915a042769"
    integrity sha512-hKBYJUtdmYzcjdhYDkP9WGtORwwZBBKAW8+Lz7sr0ZMxtJr04ASXVzH5eBWtDkdb0c3LLFsehfPBTRfvlfKJOA==
    dependencies:
      playwright-core "1.29.2"
